<?xml version="1.0" encoding="UTF-8"?>
<!-- Generated by org.testng.reporters.JUnitReportReporter -->
<testsuite hostname="DESKTOP-0IMMA8M" failures="0" tests="2" name="TestNGPackage.TestMethod1" time="0.022" errors="0" timestamp="2023-07-18T15:15:19 IST" skipped="0">
  <testcase classname="TestNGPackage.TestMethod1" name="testMethod1" time="0.019">
    <system-out>
      <![CDATA[thread ID of testmethod11]]>
    </system-out>
  </testcase> <!-- testMethod1 -->
  <testcase classname="TestNGPackage.TestMethod1" name="testMethod2" time="0.003">
    <system-out>
      <![CDATA[thread ID of testmethod21]]>
    </system-out>
  </testcase> <!-- testMethod2 -->
  <system-out>
    <![CDATA[thread ID of testmethod11
thread ID of testmethod21]]>
  </system-out>
</testsuite> <!-- TestNGPackage.TestMethod1 -->
