<?xml version="1.0" encoding="UTF-8"?>
<!-- Generated by org.testng.reporters.JUnitReportReporter -->
<testsuite hostname="DESKTOP-0IMMA8M" failures="0" tests="1" name="TestNGPackage.Semo" time="7.472" errors="0" timestamp="2023-07-19T15:16:46 IST" skipped="0">
  <testcase classname="TestNGPackage.Semo" name="method3" time="7.472">
    <system-out>
      <![CDATA[this is a demo class]]>
    </system-out>
  </testcase> <!-- method3 -->
  <system-out>
    <![CDATA[this is a demo class
this is a demo class
this is a demo class]]>
  </system-out>
</testsuite> <!-- TestNGPackage.Semo -->
