<?xml version="1.0" encoding="UTF-8"?>
<!-- Generated by org.testng.reporters.JUnitReportReporter -->
<testsuite hostname="DESKTOP-0IMMA8M" failures="0" tests="2" name="testNGpack2.Demo2" time="0.014" errors="0" timestamp="2023-07-19T15:15:55 IST" skipped="0">
  <testcase classname="testNGpack2.Demo2" name="method3" time="0.003">
    <system-out>
      <![CDATA[this is method 1]]>
    </system-out>
  </testcase> <!-- method3 -->
  <testcase classname="testNGpack2.Demo2" name="method4" time="0.011">
    <system-out>
      <![CDATA[this is method 1]]>
    </system-out>
  </testcase> <!-- method4 -->
  <system-out>
    <![CDATA[this is method 5
this is method 6
this is method 1
this is method 1
this is method 1
this is method 2]]>
  </system-out>
</testsuite> <!-- testNGpack2.Demo2 -->
