<?xml version="1.0" encoding="UTF-8"?>
<!-- Generated by org.testng.reporters.JUnitReportReporter -->
<testsuite hostname="DESKTOP-0IMMA8M" failures="0" tests="2" name="testNGpack2.Demo3" time="0.025" errors="0" timestamp="2023-07-19T15:15:55 IST" skipped="0">
  <testcase classname="testNGpack2.Demo3" name="method5" time="0.022">
    <system-out>
      <![CDATA[this is method 5]]>
    </system-out>
  </testcase> <!-- method5 -->
  <testcase classname="testNGpack2.Demo3" name="method6" time="0.003">
    <system-out>
      <![CDATA[this is method 6]]>
    </system-out>
  </testcase> <!-- method6 -->
  <system-out>
    <![CDATA[this is method 5
this is method 6
this is method 1
this is method 1
this is method 1
this is method 2]]>
  </system-out>
</testsuite> <!-- testNGpack2.Demo3 -->
