<?xml version="1.0" encoding="UTF-8"?>
<!-- Generated by org.testng.reporters.JUnitReportReporter -->
<testsuite hostname="DESKTOP-0IMMA8M" failures="0" tests="1" name="TestNGPackage.Remo" time="8.468" errors="0" timestamp="2023-07-19T15:16:46 IST" skipped="0">
  <testcase classname="TestNGPackage.Remo" name="method2" time="8.468">
    <system-out>
      <![CDATA[this is a demo class]]>
    </system-out>
  </testcase> <!-- method2 -->
  <system-out>
    <![CDATA[this is a demo class
this is a demo class
this is a demo class]]>
  </system-out>
</testsuite> <!-- TestNGPackage.Remo -->
