<?xml version="1.0" encoding="UTF-8"?>
<!-- Generated by org.testng.reporters.JUnitReportReporter -->
<testsuite hostname="DESKTOP-0IMMA8M" failures="0" tests="2" name="testNGpack2.Demo1" time="0.013" errors="0" timestamp="2023-07-19T15:15:55 IST" skipped="0">
  <testcase classname="testNGpack2.Demo1" name="method1" time="0.003">
    <system-out>
      <![CDATA[this is method 1]]>
    </system-out>
  </testcase> <!-- method1 -->
  <testcase classname="testNGpack2.Demo1" name="method2" time="0.010">
    <system-out>
      <![CDATA[this is method 2]]>
    </system-out>
  </testcase> <!-- method2 -->
  <system-out>
    <![CDATA[this is method 5
this is method 6
this is method 1
this is method 1
this is method 1
this is method 2]]>
  </system-out>
</testsuite> <!-- testNGpack2.Demo1 -->
