<?xml version="1.0" encoding="UTF-8"?>
<!-- Generated by org.testng.reporters.JUnitReportReporter -->
<testsuite hostname="DESKTOP-0IMMA8M" failures="0" tests="2" name="TestNGPackage.SelectBrowser" time="27.309" errors="0" timestamp="2023-07-19T14:32:02 IST" skipped="0">
  <testcase classname="TestNGPackage.SelectBrowser" name="chromeMethod" time="16.278"/>
  <testcase classname="TestNGPackage.SelectBrowser" name="chromeMethod" time="11.031"/>
</testsuite> <!-- TestNGPackage.SelectBrowser -->
