<?xml version="1.0" encoding="UTF-8"?>
<!-- Generated by org.testng.reporters.JUnitReportReporter -->
<testsuite hostname="DESKTOP-0IMMA8M" failures="0" tests="1" name="testNGAnnotaionsgFlag.AnnottionsClass" time="0.034" errors="0" timestamp="2023-07-19T15:40:01 IST" skipped="0">
  <testcase classname="testNGAnnotaionsgFlag.AnnottionsClass" name="method1" time="0.034">
    <system-out>
      <![CDATA[this is method1 of test annotation]]>
    </system-out>
  </testcase> <!-- method1 -->
  <system-out>
    <![CDATA[before suite test annotation
before test test annotation
before class test annotation
before method1 test annotation
this is method1 of test annotation
After method1 test annotation
After class test annotation
before test test annotation
After suite test annotation]]>
  </system-out>
</testsuite> <!-- testNGAnnotaionsgFlag.AnnottionsClass -->
